  veriYapıları3.cpp
C:\Users\202803055\source\repos\veriYapıları3\veriYapıları3\veriYapıları3.cpp(208,32): warning C4244: '=': '_Rep' - 'int' dönüşümü; veri kaybı olabilir
          with
          [
              _Rep=__int64
          ]
C:\Users\202803055\source\repos\veriYapıları3\veriYapıları3\veriYapıları3.cpp(224,30): warning C4244: '=': '_Rep' - 'int' dönüşümü; veri kaybı olabilir
          with
          [
              _Rep=__int64
          ]
C:\Users\202803055\source\repos\veriYapıları3\veriYapıları3\veriYapıları3.cpp(234,6): warning C4101: 'karsilas': yerel değişken başvurusu kaldırıldı
C:\Users\202803055\source\repos\veriYapıları3\veriYapıları3\veriYapıları3.cpp(295,32): warning C4244: '=': '_Rep' - 'int' dönüşümü; veri kaybı olabilir
          with
          [
              _Rep=__int64
          ]
C:\Users\202803055\source\repos\veriYapıları3\veriYapıları3\veriYapıları3.cpp(313,30): warning C4244: '=': '_Rep' - 'int' dönüşümü; veri kaybı olabilir
          with
          [
              _Rep=__int64
          ]
  veriYapıları3.vcxproj -> C:\Users\202803055\source\repos\veriYapıları3\x64\Debug\veriYapıları3.exe
